0 info it worked if it ends with ok
1 verbose cli [ 'node', '/Users/cjhuang/.nvm/v0.10.32/bin/npm', 'run', 'style' ]
2 info using npm@2.0.0
3 info using node@v0.10.32
4 verbose run-script [ 'prestyle', 'style', 'poststyle' ]
5 info prestyle carweb@0.1.0
6 info style carweb@0.1.0
7 verbose unsafe-perm in lifecycle true
8 info carweb@0.1.0 Failed to exec style script
9 verbose stack Error: carweb@0.1.0 style: `jsxhint --jsx-only **/*.jsx`
9 verbose stack Exit status 2
9 verbose stack     at ChildProcess.<anonymous> (/Users/cjhuang/.nvm/v0.10.32/lib/node_modules/npm/lib/utils/lifecycle.js:212:16)
9 verbose stack     at ChildProcess.emit (events.js:98:17)
9 verbose stack     at maybeClose (child_process.js:756:16)
9 verbose stack     at Process.ChildProcess._handle.onexit (child_process.js:823:5)
10 verbose pkgid carweb@0.1.0
11 verbose cwd /Users/cjhuang/workspace/cardian/carweb
12 error Darwin 14.0.0
13 error argv "node" "/Users/cjhuang/.nvm/v0.10.32/bin/npm" "run" "style"
14 error node v0.10.32
15 error npm  v2.0.0
16 error code ELIFECYCLE
17 error carweb@0.1.0 style: `jsxhint --jsx-only **/*.jsx`
17 error Exit status 2
18 error Failed at the carweb@0.1.0 style script.
18 error This is most likely a problem with the carweb package,
18 error not with npm itself.
18 error Tell the author that this fails on your system:
18 error     jsxhint --jsx-only **/*.jsx
18 error You can get their info via:
18 error     npm owner ls carweb
18 error There is likely additional logging output above.
19 verbose exit [ 1, true ]
